<?xml version="1.0" encoding="UTF-8"?>
<testng-results ignored="0" total="1" passed="1" failed="0" skipped="0">
  <reporter-output>
  </reporter-output>
  <suite started-at="2022-10-07T14:08:05 EDT" name="Default suite" finished-at="2022-10-07T14:08:07 EDT" duration-ms="1781">
    <groups>
    </groups>
    <test started-at="2022-10-07T14:08:05 EDT" name="Default test" finished-at="2022-10-07T14:08:07 EDT" duration-ms="1781">
      <class name="tests.XMLSchemaValidation">
        <test-method signature="SchemaValidation()[pri:0, instance:tests.XMLSchemaValidation@53ce1329]" started-at="2022-10-07T14:08:05 EDT" name="SchemaValidation" finished-at="2022-10-07T14:08:07 EDT" duration-ms="1744" status="PASS">
          <reporter-output>
          </reporter-output>
        </test-method> <!-- SchemaValidation -->
      </class> <!-- tests.XMLSchemaValidation -->
    </test> <!-- Default test -->
  </suite> <!-- Default suite -->
</testng-results>
